<?xml version="1.0" encoding="UTF-8"?>
<testng-results skipped="0" failed="0" total="1" passed="1">
  <reporter-output>
  </reporter-output>
  <suite name="Suite" duration-ms="71991" started-at="2020-07-01T12:53:30Z" finished-at="2020-07-01T12:54:42Z">
    <groups>
    </groups>
    <test name="Test" duration-ms="71991" started-at="2020-07-01T12:53:30Z" finished-at="2020-07-01T12:54:42Z">
      <class name="Test.phptravels.searchFlights">
        <test-method status="PASS" signature="searchflightsnavigation()[pri:0, instance:Test.phptravels.searchFlights@3c756e4d]" name="searchflightsnavigation" duration-ms="71979" started-at="2020-07-01T18:23:30Z" finished-at="2020-07-01T18:24:42Z">
          <reporter-output>
          </reporter-output>
        </test-method> <!-- searchflightsnavigation -->
      </class> <!-- Test.phptravels.searchFlights -->
    </test> <!-- Test -->
  </suite> <!-- Suite -->
</testng-results>
